# JRE version: OpenJDK Runtime Environment Temurin-21.0.9+10 (21.0.9+10) (build 21.0.9+10-LTS)
# Java VM: OpenJDK 64-Bit Server VM Temurin-21.0.9+10 (21.0.9+10-LTS, mixed mode, sharing, tiered, compressed oops, compressed class ptrs, parallel gc, windows-amd64)
GC Precious Log:
 CardTable entry size: 512
 CPUs: 8 total, 8 available
 Memory: 16165M
 Large Page Support: Disabled
 NUMA Support: Disabled
 Compressed Oops: Enabled (32-bit)
 Alignments: Space 512K, Generation 512K, Heap 2M
 Heap Min Capacity: 100M
 Heap Initial Capacity: 100M
 Heap Max Capacity: 2G
 Pre-touch: Disabled
 Parallel Workers: 8
Heap:
 PSYoungGen      total 8704K, used 925K [0x00000000d5580000, 0x00000000d6380000, 0x0000000100000000)
  eden space 8192K, 9% used [0x00000000d5580000,0x00000000d56476f0,0x00000000d5d80000)
  from space 512K, 25% used [0x00000000d6280000,0x00000000d62a0000,0x00000000d6300000)
  to   space 512K, 0% used [0x00000000d6300000,0x00000000d6300000,0x00000000d6380000)
 ParOldGen       total 774144K, used 773988K [0x0000000080000000, 0x00000000af400000, 0x00000000d5580000)
  object space 774144K, 99% used [0x0000000080000000,0x00000000af3d9260,0x00000000af400000)
 Metaspace       used 79019K, committed 80832K, reserved 1179648K
  class space    used 8466K, committed 9280K, reserved 1048576K
GC Heap History (20 events):
Event: 69.313 GC heap before
{Heap before GC invocations=793 (full 3):
 PSYoungGen      total 9216K, used 8778K [0x00000000d5580000, 0x00000000d6080000, 0x0000000100000000)
  eden space 8704K, 97% used [0x00000000d5580000,0x00000000d5dd2bc0,0x00000000d5e00000)
  from space 512K, 50% used [0x00000000d5f80000,0x00000000d5fc0000,0x00000000d6000000)
  to   space 512K, 0% used [0x00000000d6000000,0x00000000d6000000,0x00000000d6080000)
 ParOldGen       total 769536K, used 769012K [0x0000000080000000, 0x00000000aef80000, 0x00000000d5580000)
  object space 769536K, 99% used [0x0000000080000000,0x00000000aeefd128,0x00000000aef80000)
 Metaspace       used 78772K, committed 80512K, reserved 1179648K
  class space    used 8427K, committed 9216K, reserved 1048576K
}
Event: 69.315 GC heap after
{Heap after GC invocations=793 (full 3):
 PSYoungGen      total 9216K, used 192K [0x00000000d5580000, 0x00000000d6080000, 0x0000000100000000)
  eden space 8704K, 0% used [0x00000000d5580000,0x00000000d5580000,0x00000000d5e00000)
  from space 512K, 37% used [0x00000000d6000000,0x00000000d6030000,0x00000000d6080000)
  to   space 512K, 0% used [0x00000000d5f80000,0x00000000d5f80000,0x00000000d6000000)
 ParOldGen       total 769536K, used 769076K [0x0000000080000000, 0x00000000aef80000, 0x00000000d5580000)
  object space 769536K, 99% used [0x0000000080000000,0x00000000aef0d128,0x00000000aef80000)
 Metaspace       used 78772K, committed 80512K, reserved 1179648K
  class space    used 8427K, committed 9216K, reserved 1048576K
}
Event: 69.467 GC heap before
{Heap before GC invocations=794 (full 3):
 PSYoungGen      total 9216K, used 8890K [0x00000000d5580000, 0x00000000d6080000, 0x0000000100000000)
  eden space 8704K, 99% used [0x00000000d5580000,0x00000000d5dfe870,0x00000000d5e00000)
  from space 512K, 37% used [0x00000000d6000000,0x00000000d6030000,0x00000000d6080000)
  to   space 512K, 0% used [0x00000000d5f80000,0x00000000d5f80000,0x00000000d6000000)
 ParOldGen       total 769536K, used 769076K [0x0000000080000000, 0x00000000aef80000, 0x00000000d5580000)
  object space 769536K, 99% used [0x0000000080000000,0x00000000aef0d128,0x00000000aef80000)
 Metaspace       used 78841K, committed 80576K, reserved 1179648K
  class space    used 8438K, committed 9216K, reserved 1048576K
}
Event: 69.470 GC heap after
{Heap after GC invocations=794 (full 3):
 PSYoungGen      total 9216K, used 352K [0x00000000d5580000, 0x00000000d6080000, 0x0000000100000000)
  eden space 8704K, 0% used [0x00000000d5580000,0x00000000d5580000,0x00000000d5e00000)
  from space 512K, 68% used [0x00000000d5f80000,0x00000000d5fd8000,0x00000000d6000000)
  to   space 512K, 0% used [0x00000000d6000000,0x00000000d6000000,0x00000000d6080000)
 ParOldGen       total 769536K, used 769116K [0x0000000080000000, 0x00000000aef80000, 0x00000000d5580000)
  object space 769536K, 99% used [0x0000000080000000,0x00000000aef17128,0x00000000aef80000)
 Metaspace       used 78841K, committed 80576K, reserved 1179648K
  class space    used 8438K, committed 9216K, reserved 1048576K
}
Event: 69.499 GC heap before
{Heap before GC invocations=795 (full 3):
 PSYoungGen      total 9216K, used 9051K [0x00000000d5580000, 0x00000000d6080000, 0x0000000100000000)
  eden space 8704K, 99% used [0x00000000d5580000,0x00000000d5dfee68,0x00000000d5e00000)
  from space 512K, 68% used [0x00000000d5f80000,0x00000000d5fd8000,0x00000000d6000000)
  to   space 512K, 0% used [0x00000000d6000000,0x00000000d6000000,0x00000000d6080000)
 ParOldGen       total 769536K, used 769116K [0x0000000080000000, 0x00000000aef80000, 0x00000000d5580000)
  object space 769536K, 99% used [0x0000000080000000,0x00000000aef17128,0x00000000aef80000)
 Metaspace       used 78904K, committed 80640K, reserved 1179648K
  class space    used 8442K, committed 9216K, reserved 1048576K
}
Event: 69.502 GC heap after
{Heap after GC invocations=795 (full 3):
 PSYoungGen      total 8704K, used 498K [0x00000000d5580000, 0x00000000d6300000, 0x0000000100000000)
  eden space 8192K, 0% used [0x00000000d5580000,0x00000000d5580000,0x00000000d5d80000)
  from space 512K, 97% used [0x00000000d6000000,0x00000000d607caa8,0x00000000d6080000)
  to   space 2560K, 0% used [0x00000000d5d80000,0x00000000d5d80000,0x00000000d6000000)
 ParOldGen       total 771072K, used 770795K [0x0000000080000000, 0x00000000af100000, 0x00000000d5580000)
  object space 771072K, 99% used [0x0000000080000000,0x00000000af0bada8,0x00000000af100000)
 Metaspace       used 78904K, committed 80640K, reserved 1179648K
  class space    used 8442K, committed 9216K, reserved 1048576K
}
Event: 69.570 GC heap before
{Heap before GC invocations=796 (full 3):
 PSYoungGen      total 8704K, used 8678K [0x00000000d5580000, 0x00000000d6300000, 0x0000000100000000)
  eden space 8192K, 99% used [0x00000000d5580000,0x00000000d5d7cea0,0x00000000d5d80000)
  from space 512K, 97% used [0x00000000d6000000,0x00000000d607caa8,0x00000000d6080000)
  to   space 2560K, 0% used [0x00000000d5d80000,0x00000000d5d80000,0x00000000d6000000)
 ParOldGen       total 771072K, used 770795K [0x0000000080000000, 0x00000000af100000, 0x00000000d5580000)
  object space 771072K, 99% used [0x0000000080000000,0x00000000af0bada8,0x00000000af100000)
 Metaspace       used 78992K, committed 80768K, reserved 1179648K
  class space    used 8466K, committed 9280K, reserved 1048576K
}
Event: 69.574 GC heap after
{Heap after GC invocations=796 (full 3):
 PSYoungGen      total 10752K, used 2556K [0x00000000d5580000, 0x00000000d6980000, 0x0000000100000000)
  eden space 8192K, 0% used [0x00000000d5580000,0x00000000d5580000,0x00000000d5d80000)
  from space 2560K, 99% used [0x00000000d5d80000,0x00000000d5fff370,0x00000000d6000000)
  to   space 6144K, 0% used [0x00000000d6380000,0x00000000d6380000,0x00000000d6980000)
 ParOldGen       total 773632K, used 773468K [0x0000000080000000, 0x00000000af380000, 0x00000000d5580000)
  object space 773632K, 99% used [0x0000000080000000,0x00000000af357260,0x00000000af380000)
 Metaspace       used 78992K, committed 80768K, reserved 1179648K
  class space    used 8466K, committed 9280K, reserved 1048576K
}
Event: 69.763 GC heap before
{Heap before GC invocations=797 (full 3):
 PSYoungGen      total 10752K, used 10736K [0x00000000d5580000, 0x00000000d6980000, 0x0000000100000000)
  eden space 8192K, 99% used [0x00000000d5580000,0x00000000d5d7d058,0x00000000d5d80000)
  from space 2560K, 99% used [0x00000000d5d80000,0x00000000d5fff370,0x00000000d6000000)
  to   space 6144K, 0% used [0x00000000d6380000,0x00000000d6380000,0x00000000d6980000)
 ParOldGen       total 773632K, used 773468K [0x0000000080000000, 0x00000000af380000, 0x00000000d5580000)
  object space 773632K, 99% used [0x0000000080000000,0x00000000af357260,0x00000000af380000)
 Metaspace       used 79007K, committed 80768K, reserved 1179648K
  class space    used 8466K, committed 9280K, reserved 1048576K
}
Event: 69.767 GC heap after
{Heap after GC invocations=797 (full 3):
 PSYoungGen      total 9728K, used 1525K [0x00000000d5580000, 0x00000000d6500000, 0x0000000100000000)
  eden space 8192K, 0% used [0x00000000d5580000,0x00000000d5580000,0x00000000d5d80000)
  from space 1536K, 99% used [0x00000000d6380000,0x00000000d64fd7d8,0x00000000d6500000)
  to   space 3072K, 0% used [0x00000000d5f00000,0x00000000d5f00000,0x00000000d6200000)
 ParOldGen       total 773632K, used 773580K [0x0000000080000000, 0x00000000af380000, 0x00000000d5580000)
  object space 773632K, 99% used [0x0000000080000000,0x00000000af373260,0x00000000af380000)
 Metaspace       used 79007K, committed 80768K, reserved 1179648K
  class space    used 8466K, committed 9280K, reserved 1048576K
}
Event: 70.035 GC heap before
{Heap before GC invocations=798 (full 3):
 PSYoungGen      total 9728K, used 9717K [0x00000000d5580000, 0x00000000d6500000, 0x0000000100000000)
  eden space 8192K, 99% used [0x00000000d5580000,0x00000000d5d7fde8,0x00000000d5d80000)
  from space 1536K, 99% used [0x00000000d6380000,0x00000000d64fd7d8,0x00000000d6500000)
  to   space 3072K, 0% used [0x00000000d5f00000,0x00000000d5f00000,0x00000000d6200000)
 ParOldGen       total 773632K, used 773580K [0x0000000080000000, 0x00000000af380000, 0x00000000d5580000)
  object space 773632K, 99% used [0x0000000080000000,0x00000000af373260,0x00000000af380000)
 Metaspace       used 79010K, committed 80768K, reserved 1179648K
  class space    used 8466K, committed 9280K, reserved 1048576K
}
Event: 70.038 GC heap after
{Heap after GC invocations=798 (full 3):
 PSYoungGen      total 11264K, used 256K [0x00000000d5580000, 0x00000000d6400000, 0x0000000100000000)
  eden space 8192K, 0% used [0x00000000d5580000,0x00000000d5580000,0x00000000d5d80000)
  from space 3072K, 8% used [0x00000000d5f00000,0x00000000d5f40000,0x00000000d6200000)
  to   space 1024K, 0% used [0x00000000d6300000,0x00000000d6300000,0x00000000d6400000)
 ParOldGen       total 774144K, used 773740K [0x0000000080000000, 0x00000000af400000, 0x00000000d5580000)
  object space 774144K, 99% used [0x0000000080000000,0x00000000af39b260,0x00000000af400000)
 Metaspace       used 79010K, committed 80768K, reserved 1179648K
  class space    used 8466K, committed 9280K, reserved 1048576K
}
Event: 70.503 GC heap before
{Heap before GC invocations=799 (full 3):
 PSYoungGen      total 11264K, used 8445K [0x00000000d5580000, 0x00000000d6400000, 0x0000000100000000)
  eden space 8192K, 99% used [0x00000000d5580000,0x00000000d5d7f408,0x00000000d5d80000)
  from space 3072K, 8% used [0x00000000d5f00000,0x00000000d5f40000,0x00000000d6200000)
  to   space 1024K, 0% used [0x00000000d6300000,0x00000000d6300000,0x00000000d6400000)
 ParOldGen       total 774144K, used 773740K [0x0000000080000000, 0x00000000af400000, 0x00000000d5580000)
  object space 774144K, 99% used [0x0000000080000000,0x00000000af39b260,0x00000000af400000)
 Metaspace       used 79016K, committed 80832K, reserved 1179648K
  class space    used 8466K, committed 9280K, reserved 1048576K
}
Event: 70.507 GC heap after
{Heap after GC invocations=799 (full 3):
 PSYoungGen      total 8704K, used 320K [0x00000000d5580000, 0x00000000d6380000, 0x0000000100000000)
  eden space 8192K, 0% used [0x00000000d5580000,0x00000000d5580000,0x00000000d5d80000)
  from space 512K, 62% used [0x00000000d6300000,0x00000000d6350000,0x00000000d6380000)
  to   space 512K, 0% used [0x00000000d6280000,0x00000000d6280000,0x00000000d6300000)
 ParOldGen       total 774144K, used 773780K [0x0000000080000000, 0x00000000af400000, 0x00000000d5580000)
  object space 774144K, 99% used [0x0000000080000000,0x00000000af3a5260,0x00000000af400000)
 Metaspace       used 79016K, committed 80832K, reserved 1179648K
  class space    used 8466K, committed 9280K, reserved 1048576K
}
Event: 71.139 GC heap before
{Heap before GC invocations=800 (full 3):
 PSYoungGen      total 8704K, used 8508K [0x00000000d5580000, 0x00000000d6380000, 0x0000000100000000)
  eden space 8192K, 99% used [0x00000000d5580000,0x00000000d5d7f298,0x00000000d5d80000)
  from space 512K, 62% used [0x00000000d6300000,0x00000000d6350000,0x00000000d6380000)
  to   space 512K, 0% used [0x00000000d6280000,0x00000000d6280000,0x00000000d6300000)
 ParOldGen       total 774144K, used 773780K [0x0000000080000000, 0x00000000af400000, 0x00000000d5580000)
  object space 774144K, 99% used [0x0000000080000000,0x00000000af3a5260,0x00000000af400000)
 Metaspace       used 79016K, committed 80832K, reserved 1179648K
  class space    used 8466K, committed 9280K, reserved 1048576K
}
Event: 71.143 GC heap after
{Heap after GC invocations=800 (full 3):
 PSYoungGen      total 8704K, used 320K [0x00000000d5580000, 0x00000000d6380000, 0x0000000100000000)
  eden space 8192K, 0% used [0x00000000d5580000,0x00000000d5580000,0x00000000d5d80000)
  from space 512K, 62% used [0x00000000d6280000,0x00000000d62d0000,0x00000000d6300000)
  to   space 512K, 0% used [0x00000000d6300000,0x00000000d6300000,0x00000000d6380000)
 ParOldGen       total 774144K, used 773820K [0x0000000080000000, 0x00000000af400000, 0x00000000d5580000)
  object space 774144K, 99% used [0x0000000080000000,0x00000000af3af260,0x00000000af400000)
 Metaspace       used 79016K, committed 80832K, reserved 1179648K
  class space    used 8466K, committed 9280K, reserved 1048576K
}
Event: 71.854 GC heap before
{Heap before GC invocations=801 (full 3):
 PSYoungGen      total 8704K, used 8354K [0x00000000d5580000, 0x00000000d6380000, 0x0000000100000000)
  eden space 8192K, 98% used [0x00000000d5580000,0x00000000d5d58a58,0x00000000d5d80000)
  from space 512K, 62% used [0x00000000d6280000,0x00000000d62d0000,0x00000000d6300000)
  to   space 512K, 0% used [0x00000000d6300000,0x00000000d6300000,0x00000000d6380000)
 ParOldGen       total 774144K, used 773820K [0x0000000080000000, 0x00000000af400000, 0x00000000d5580000)
  object space 774144K, 99% used [0x0000000080000000,0x00000000af3af260,0x00000000af400000)
 Metaspace       used 79018K, committed 80832K, reserved 1179648K
  class space    used 8466K, committed 9280K, reserved 1048576K
}
Event: 71.857 GC heap after
{Heap after GC invocations=801 (full 3):
 PSYoungGen      total 8704K, used 288K [0x00000000d5580000, 0x00000000d6380000, 0x0000000100000000)
  eden space 8192K, 0% used [0x00000000d5580000,0x00000000d5580000,0x00000000d5d80000)
  from space 512K, 56% used [0x00000000d6300000,0x00000000d6348000,0x00000000d6380000)
  to   space 512K, 0% used [0x00000000d6280000,0x00000000d6280000,0x00000000d6300000)
 ParOldGen       total 774144K, used 773852K [0x0000000080000000, 0x00000000af400000, 0x00000000d5580000)
  object space 774144K, 99% used [0x0000000080000000,0x00000000af3b7260,0x00000000af400000)
 Metaspace       used 79018K, committed 80832K, reserved 1179648K
  class space    used 8466K, committed 9280K, reserved 1048576K
}
Event: 72.415 GC heap before
{Heap before GC invocations=802 (full 3):
 PSYoungGen      total 8704K, used 8479K [0x00000000d5580000, 0x00000000d6380000, 0x0000000100000000)
  eden space 8192K, 99% used [0x00000000d5580000,0x00000000d5d7fff8,0x00000000d5d80000)
  from space 512K, 56% used [0x00000000d6300000,0x00000000d6348000,0x00000000d6380000)
  to   space 512K, 0% used [0x00000000d6280000,0x00000000d6280000,0x00000000d6300000)
 ParOldGen       total 774144K, used 773852K [0x0000000080000000, 0x00000000af400000, 0x00000000d5580000)
  object space 774144K, 99% used [0x0000000080000000,0x00000000af3b7260,0x00000000af400000)
 Metaspace       used 79018K, committed 80832K, reserved 1179648K
  class space    used 8466K, committed 9280K, reserved 1048576K
}
Event: 72.419 GC heap after
{Heap after GC invocations=802 (full 3):
 PSYoungGen      total 8704K, used 128K [0x00000000d5580000, 0x00000000d6380000, 0x0000000100000000)
  eden space 8192K, 0% used [0x00000000d5580000,0x00000000d5580000,0x00000000d5d80000)
  from space 512K, 25% used [0x00000000d6280000,0x00000000d62a0000,0x00000000d6300000)
  to   space 512K, 0% used [0x00000000d6300000,0x00000000d6300000,0x00000000d6380000)
 ParOldGen       total 774144K, used 773988K [0x0000000080000000, 0x00000000af400000, 0x00000000d5580000)
  object space 774144K, 99% used [0x0000000080000000,0x00000000af3d9260,0x00000000af400000)
 Metaspace       used 79018K, committed 80832K, reserved 1179648K
  class space    used 8466K, committed 9280K, reserved 1048576K
}

